<?xml version="1.0" encoding="UTF-8"?>
<!-- Generated by org.testng.reporters.JUnitXMLReporter -->
<<<<<<< HEAD
<testsuite hostname="SDEVPCSVU7112" name="Find a Store - Testing" tests="8" failures="3" timestamp="13 Jul 2016 10:05:01 GMT" time="531.586" errors="0">
  <testcase name="setStoreGuestZipCode" time="26.185" classname="com.test.regression.cub.testscripts.FindAStore"/>
  <testcase name="setStoreGuestCityState" time="28.706" classname="com.test.regression.cub.testscripts.FindAStore"/>
  <testcase name="setStoreAuthorizedZipcode" time="76.147" classname="com.test.regression.cub.testscripts.FindAStore">
    <failure type="java.lang.AssertionError" message="no such element: Unable to locate element: {&amp;quot;method&amp;quot;:&amp;quot;xpath&amp;quot;,&amp;quot;selector&amp;quot;:&amp;quot;//*[@id=&amp;apos;store-search-result&amp;apos;]/tbody/tr[1]/td[4]/div/a&amp;quot;}
  (Session info: chrome=51.0.2704.103)
  (Driver info: chromedriver=2.22.397933 (1cab651507b88dec79b2b2a22d1943c01833cc1b),platform=Windows NT 6.1.7601 SP1 x86_64) (WARNING: The server did not provide any stacktrace information)
Command duration or timeout: 20.22 seconds
For documentation on this error, please visit: http://seleniumhq.org/exceptions/no_such_element.html
Build info: version: &amp;apos;2.53.0&amp;apos;, revision: &amp;apos;35ae25b1534ae328c771e0856c93e187490ca824&amp;apos;, time: &amp;apos;2016-03-15 10:43:46&amp;apos;
System info: host: &amp;apos;SDEVPCSVU7112&amp;apos;, ip: &amp;apos;10.15.142.48&amp;apos;, os.name: &amp;apos;Windows 7&amp;apos;, os.arch: &amp;apos;amd64&amp;apos;, os.version: &amp;apos;6.1&amp;apos;, java.version: &amp;apos;1.8.0_91&amp;apos;
Driver info: org.openqa.selenium.chrome.ChromeDriver
Capabilities [{applicationCacheEnabled=false, rotatable=false, mobileEmulationEnabled=false, chrome={chromedriverVersion=2.22.397933 (1cab651507b88dec79b2b2a22d1943c01833cc1b), userDataDir=C:\Users\jrag00m\AppData\Local\Temp\scoped_dir734292_21425}, takesHeapSnapshot=true, databaseEnabled=false, handlesAlerts=true, hasTouchScreen=false, version=51.0.2704.103, platform=XP, browserConnectionEnabled=false, nativeEvents=true, acceptSslCerts=true, locationContextEnabled=true, webStorageEnabled=true, browserName=chrome, takesScreenshot=true, javascriptEnabled=true, cssSelectorsEnabled=true}]
Session ID: f7570eb43467b27cad3ca9efe18f06ca
*** Element info: {Using=xpath, value=//*[@id=&amp;apos;store-search-result&amp;apos;]/tbody/tr[1]/td[4]/div/a}">
      <![CDATA[java.lang.AssertionError: no such element: Unable to locate element: {"method":"xpath","selector":"//*[@id='store-search-result']/tbody/tr[1]/td[4]/div/a"}
  (Session info: chrome=51.0.2704.103)
  (Driver info: chromedriver=2.22.397933 (1cab651507b88dec79b2b2a22d1943c01833cc1b),platform=Windows NT 6.1.7601 SP1 x86_64) (WARNING: The server did not provide any stacktrace information)
Command duration or timeout: 20.22 seconds
For documentation on this error, please visit: http://seleniumhq.org/exceptions/no_such_element.html
Build info: version: '2.53.0', revision: '35ae25b1534ae328c771e0856c93e187490ca824', time: '2016-03-15 10:43:46'
System info: host: 'SDEVPCSVU7112', ip: '10.15.142.48', os.name: 'Windows 7', os.arch: 'amd64', os.version: '6.1', java.version: '1.8.0_91'
Driver info: org.openqa.selenium.chrome.ChromeDriver
Capabilities [{applicationCacheEnabled=false, rotatable=false, mobileEmulationEnabled=false, chrome={chromedriverVersion=2.22.397933 (1cab651507b88dec79b2b2a22d1943c01833cc1b), userDataDir=C:\Users\jrag00m\AppData\Local\Temp\scoped_dir734292_21425}, takesHeapSnapshot=true, databaseEnabled=false, handlesAlerts=true, hasTouchScreen=false, version=51.0.2704.103, platform=XP, browserConnectionEnabled=false, nativeEvents=true, acceptSslCerts=true, locationContextEnabled=true, webStorageEnabled=true, browserName=chrome, takesScreenshot=true, javascriptEnabled=true, cssSelectorsEnabled=true}]
Session ID: f7570eb43467b27cad3ca9efe18f06ca
*** Element info: {Using=xpath, value=//*[@id='store-search-result']/tbody/tr[1]/td[4]/div/a}
	at com.test.regression.cub.testscripts.FindAStore.setStoreAuthorizedZipcode(FindAStore.java:192)
... Removed 25 stack frames]]>
    </failure>
  </testcase> <!-- setStoreAuthorizedZipcode -->
  <testcase name="setStoreAuthorizedCityState" time="51.822" classname="com.test.regression.cub.testscripts.FindAStore">
    <failure type="java.lang.AssertionError" message="expected [Cub Foods - Store Search Results] but found [Cub Foods - View Store]">
      <![CDATA[java.lang.AssertionError: expected [Cub Foods - Store Search Results] but found [Cub Foods - View Store]
	at com.test.regression.cub.testscripts.FindAStore.setStoreAuthorizedCityState(FindAStore.java:253)
... Removed 29 stack frames]]>
    </failure>
  </testcase> <!-- setStoreAuthorizedCityState -->
  <testcase name="Miles20" time="44.083" classname="com.test.regression.cub.testscripts.FindAStore"/>
  <testcase name="Miles50" time="34.019" classname="com.test.regression.cub.testscripts.FindAStore"/>
  <testcase name="changeStoreFromDifferentPages" time="35.254" classname="com.test.regression.cub.testscripts.FindAStore">
    <failure type="java.lang.AssertionError" message="expected [true] but found [false]">
      <![CDATA[java.lang.AssertionError: expected [true] but found [false]
	at com.test.regression.cub.testscripts.FindAStore.changeStoreFromDifferentPages(FindAStore.java:427)
... Removed 28 stack frames]]>
    </failure>
  </testcase> <!-- changeStoreFromDifferentPages -->
  <testcase name="StoresbyState" time="39.987" classname="com.test.regression.cub.testscripts.FindAStore"/>
=======
<testsuite hostname="sdwvpctcs2813" name="Find a Store - Testing" tests="1" failures="0" timestamp="13 Jul 2016 11:08:36 GMT" time="29.317" errors="0">
  <testcase name="StoresbyState" time="20.577" classname="com.test.regression.cub.testscripts.FindAStore"/>
>>>>>>> 8133ebbbad1bc474a5ecb1e0181ba7542e96bf8a
</testsuite> <!-- Find a Store - Testing -->
