<?xml version="1.0" encoding="UTF-8"?>
<!-- Generated by org.testng.reporters.JUnitXMLReporter -->
<<<<<<< HEAD
<testsuite hostname="SDEVPCSVU7112" name="Header Footer Navigation - Testing" tests="20" failures="0" timestamp="13 Jul 2016 09:50:33 GMT" time="734.92" errors="0">
  <testcase name="aboutUs" time="6.238" classname="com.test.regression.cub.testscripts.HeaderFooterNavigation"/>
  <testcase name="Careers" time="10.354" classname="com.test.regression.cub.testscripts.HeaderFooterNavigation"/>
  <testcase name="Recalls" time="6.499" classname="com.test.regression.cub.testscripts.HeaderFooterNavigation"/>
  <testcase name="PrivacyPolicy" time="6.23" classname="com.test.regression.cub.testscripts.HeaderFooterNavigation"/>
  <testcase name="TermsAndConditions" time="5.501" classname="com.test.regression.cub.testscripts.HeaderFooterNavigation"/>
  <testcase name="CustomerService" time="8.661" classname="com.test.regression.cub.testscripts.HeaderFooterNavigation"/>
  <testcase name="aboutUsSignedInUser" time="16.991" classname="com.test.regression.cub.testscripts.HeaderFooterNavigation"/>
  <testcase name="CareersSignedInUser" time="12.771" classname="com.test.regression.cub.testscripts.HeaderFooterNavigation"/>
  <testcase name="RecallsSignedInUser" time="16.919" classname="com.test.regression.cub.testscripts.HeaderFooterNavigation"/>
  <testcase name="PrivacyPolicySignedInUser" time="20.686" classname="com.test.regression.cub.testscripts.HeaderFooterNavigation"/>
  <testcase name="TermsAndConditionsSignedInUser" time="19.393" classname="com.test.regression.cub.testscripts.HeaderFooterNavigation"/>
  <testcase name="CustomerServiceSignedInUser" time="20.538" classname="com.test.regression.cub.testscripts.HeaderFooterNavigation"/>
  <testcase name="WeeklyAdTile" time="21.249" classname="com.test.regression.cub.testscripts.HeaderFooterNavigation"/>
  <testcase name="CouponTile" time="8.494" classname="com.test.regression.cub.testscripts.HeaderFooterNavigation"/>
  <testcase name="CakesandPartyTile" time="3.728" classname="com.test.regression.cub.testscripts.HeaderFooterNavigation"/>
  <testcase name="CubRewardsTile" time="5.907" classname="com.test.regression.cub.testscripts.HeaderFooterNavigation"/>
  <testcase name="WeeklyAdTileSignedInUser" time="37.76" classname="com.test.regression.cub.testscripts.HeaderFooterNavigation"/>
  <testcase name="CouponTileSignedInUser" time="19.386" classname="com.test.regression.cub.testscripts.HeaderFooterNavigation"/>
  <testcase name="CakesandPartyTileSignedInUser" time="17.569" classname="com.test.regression.cub.testscripts.HeaderFooterNavigation"/>
  <testcase name="CubRewardsTileSignedInUser" time="20.437" classname="com.test.regression.cub.testscripts.HeaderFooterNavigation"/>
=======
<testsuite hostname="sdwvpctcs2813" name="Header Footer Navigation - Testing" tests="20" failures="3" timestamp="13 Jul 2016 11:02:50 GMT" time="384.274" errors="0">
  <testcase name="aboutUs" time="2.223" classname="com.test.regression.cub.testscripts.HeaderFooterNavigation"/>
  <testcase name="Careers" time="2.143" classname="com.test.regression.cub.testscripts.HeaderFooterNavigation"/>
  <testcase name="Recalls" time="2.024" classname="com.test.regression.cub.testscripts.HeaderFooterNavigation"/>
  <testcase name="PrivacyPolicy" time="2.174" classname="com.test.regression.cub.testscripts.HeaderFooterNavigation"/>
  <testcase name="TermsAndConditions" time="2.103" classname="com.test.regression.cub.testscripts.HeaderFooterNavigation"/>
  <testcase name="CustomerService" time="3.768" classname="com.test.regression.cub.testscripts.HeaderFooterNavigation"/>
  <testcase name="WeeklyAdTile" time="6.841" classname="com.test.regression.cub.testscripts.HeaderFooterNavigation"/>
  <testcase name="CouponTile" time="4.05" classname="com.test.regression.cub.testscripts.HeaderFooterNavigation"/>
  <testcase name="CakesandPartyTile" time="3.237" classname="com.test.regression.cub.testscripts.HeaderFooterNavigation"/>
  <testcase name="CubRewardsTile" time="2.364" classname="com.test.regression.cub.testscripts.HeaderFooterNavigation"/>
  <testcase name="aboutUsSignedInUser" time="20.303" classname="com.test.regression.cub.testscripts.HeaderFooterNavigation"/>
  <testcase name="CareersSignedInUser" time="15.215" classname="com.test.regression.cub.testscripts.HeaderFooterNavigation"/>
  <testcase name="RecallsSignedInUser" time="15.259" classname="com.test.regression.cub.testscripts.HeaderFooterNavigation"/>
  <testcase name="PrivacyPolicySignedInUser" time="13.736" classname="com.test.regression.cub.testscripts.HeaderFooterNavigation">
    <failure type="org.openqa.selenium.WebDriverException" message="unknown error: Element is not clickable at point (497, 656). Other element would receive the click: &amp;lt;div class=&amp;quot;ss-overlay&amp;quot; style=&amp;quot;display: block;&amp;quot;&amp;gt;&amp;lt;/div&amp;gt;
  (Session info: chrome=51.0.2704.106)
  (Driver info: chromedriver=2.22.397933 (1cab651507b88dec79b2b2a22d1943c01833cc1b),platform=Windows NT 6.1.7601 SP1 x86_64) (WARNING: The server did not provide any stacktrace information)
Command duration or timeout: 66 milliseconds
Build info: version: &amp;apos;2.53.0&amp;apos;, revision: &amp;apos;35ae25b1534ae328c771e0856c93e187490ca824&amp;apos;, time: &amp;apos;2016-03-15 10:43:46&amp;apos;
System info: host: &amp;apos;sdwvpctcs2813&amp;apos;, ip: &amp;apos;10.15.11.210&amp;apos;, os.name: &amp;apos;Windows 7&amp;apos;, os.arch: &amp;apos;amd64&amp;apos;, os.version: &amp;apos;6.1&amp;apos;, java.version: &amp;apos;1.8.0_91&amp;apos;
Driver info: org.openqa.selenium.chrome.ChromeDriver
Capabilities [{applicationCacheEnabled=false, rotatable=false, mobileEmulationEnabled=false, chrome={chromedriverVersion=2.22.397933 (1cab651507b88dec79b2b2a22d1943c01833cc1b), userDataDir=C:\Users\hxdxa4\AppData\Local\Temp\scoped_dir7272_20283}, takesHeapSnapshot=true, databaseEnabled=false, handlesAlerts=true, hasTouchScreen=false, version=51.0.2704.106, platform=XP, browserConnectionEnabled=false, nativeEvents=true, acceptSslCerts=true, locationContextEnabled=true, webStorageEnabled=true, browserName=chrome, takesScreenshot=true, javascriptEnabled=true, cssSelectorsEnabled=true}]
Session ID: af07b1b2fdd8d0e0877f546d90598ed6">
      <![CDATA[org.openqa.selenium.WebDriverException: unknown error: Element is not clickable at point (497, 656). Other element would receive the click: <div class="ss-overlay" style="display: block;"></div>
  (Session info: chrome=51.0.2704.106)
  (Driver info: chromedriver=2.22.397933 (1cab651507b88dec79b2b2a22d1943c01833cc1b),platform=Windows NT 6.1.7601 SP1 x86_64) (WARNING: The server did not provide any stacktrace information)
Command duration or timeout: 66 milliseconds
Build info: version: '2.53.0', revision: '35ae25b1534ae328c771e0856c93e187490ca824', time: '2016-03-15 10:43:46'
System info: host: 'sdwvpctcs2813', ip: '10.15.11.210', os.name: 'Windows 7', os.arch: 'amd64', os.version: '6.1', java.version: '1.8.0_91'
Driver info: org.openqa.selenium.chrome.ChromeDriver
Capabilities [{applicationCacheEnabled=false, rotatable=false, mobileEmulationEnabled=false, chrome={chromedriverVersion=2.22.397933 (1cab651507b88dec79b2b2a22d1943c01833cc1b), userDataDir=C:\Users\hxdxa4\AppData\Local\Temp\scoped_dir7272_20283}, takesHeapSnapshot=true, databaseEnabled=false, handlesAlerts=true, hasTouchScreen=false, version=51.0.2704.106, platform=XP, browserConnectionEnabled=false, nativeEvents=true, acceptSslCerts=true, locationContextEnabled=true, webStorageEnabled=true, browserName=chrome, takesScreenshot=true, javascriptEnabled=true, cssSelectorsEnabled=true}]
Session ID: af07b1b2fdd8d0e0877f546d90598ed6
	at org.openqa.selenium.remote.ErrorHandler.createThrowable(ErrorHandler.java:206)
	at org.openqa.selenium.remote.ErrorHandler.throwIfResponseFailed(ErrorHandler.java:158)
	at org.openqa.selenium.remote.RemoteWebDriver.execute(RemoteWebDriver.java:678)
	at org.openqa.selenium.remote.RemoteWebElement.execute(RemoteWebElement.java:327)
	at org.openqa.selenium.remote.RemoteWebElement.click(RemoteWebElement.java:85)
	at org.openqa.selenium.support.pagefactory.internal.LocatingElementHandler.invoke(LocatingElementHandler.java:51)
	at com.sun.proxy.$Proxy7.click(Unknown Source)
	at com.test.regression.cub.pages.CubHome.clickPrivacyPolicy(CubHome.java:217)
	at com.test.regression.cub.testscripts.HeaderFooterNavigation.PrivacyPolicySignedInUser(HeaderFooterNavigation.java:211)
... Removed 31 stack frames]]>
    </failure>
  </testcase> <!-- PrivacyPolicySignedInUser -->
  <testcase name="TermsAndConditionsSignedInUser" time="12.276" classname="com.test.regression.cub.testscripts.HeaderFooterNavigation">
    <failure type="org.openqa.selenium.WebDriverException" message="unknown error: Element is not clickable at point (574, 656). Other element would receive the click: &amp;lt;div class=&amp;quot;ss-overlay&amp;quot; style=&amp;quot;display: block;&amp;quot;&amp;gt;&amp;lt;/div&amp;gt;
  (Session info: chrome=51.0.2704.106)
  (Driver info: chromedriver=2.22.397933 (1cab651507b88dec79b2b2a22d1943c01833cc1b),platform=Windows NT 6.1.7601 SP1 x86_64) (WARNING: The server did not provide any stacktrace information)
Command duration or timeout: 60 milliseconds
Build info: version: &amp;apos;2.53.0&amp;apos;, revision: &amp;apos;35ae25b1534ae328c771e0856c93e187490ca824&amp;apos;, time: &amp;apos;2016-03-15 10:43:46&amp;apos;
System info: host: &amp;apos;sdwvpctcs2813&amp;apos;, ip: &amp;apos;10.15.11.210&amp;apos;, os.name: &amp;apos;Windows 7&amp;apos;, os.arch: &amp;apos;amd64&amp;apos;, os.version: &amp;apos;6.1&amp;apos;, java.version: &amp;apos;1.8.0_91&amp;apos;
Driver info: org.openqa.selenium.chrome.ChromeDriver
Capabilities [{applicationCacheEnabled=false, rotatable=false, mobileEmulationEnabled=false, chrome={chromedriverVersion=2.22.397933 (1cab651507b88dec79b2b2a22d1943c01833cc1b), userDataDir=C:\Users\hxdxa4\AppData\Local\Temp\scoped_dir6288_6901}, takesHeapSnapshot=true, databaseEnabled=false, handlesAlerts=true, hasTouchScreen=false, version=51.0.2704.106, platform=XP, browserConnectionEnabled=false, nativeEvents=true, acceptSslCerts=true, locationContextEnabled=true, webStorageEnabled=true, browserName=chrome, takesScreenshot=true, javascriptEnabled=true, cssSelectorsEnabled=true}]
Session ID: 162cceb1ad272b82189f271481fbb313">
      <![CDATA[org.openqa.selenium.WebDriverException: unknown error: Element is not clickable at point (574, 656). Other element would receive the click: <div class="ss-overlay" style="display: block;"></div>
  (Session info: chrome=51.0.2704.106)
  (Driver info: chromedriver=2.22.397933 (1cab651507b88dec79b2b2a22d1943c01833cc1b),platform=Windows NT 6.1.7601 SP1 x86_64) (WARNING: The server did not provide any stacktrace information)
Command duration or timeout: 60 milliseconds
Build info: version: '2.53.0', revision: '35ae25b1534ae328c771e0856c93e187490ca824', time: '2016-03-15 10:43:46'
System info: host: 'sdwvpctcs2813', ip: '10.15.11.210', os.name: 'Windows 7', os.arch: 'amd64', os.version: '6.1', java.version: '1.8.0_91'
Driver info: org.openqa.selenium.chrome.ChromeDriver
Capabilities [{applicationCacheEnabled=false, rotatable=false, mobileEmulationEnabled=false, chrome={chromedriverVersion=2.22.397933 (1cab651507b88dec79b2b2a22d1943c01833cc1b), userDataDir=C:\Users\hxdxa4\AppData\Local\Temp\scoped_dir6288_6901}, takesHeapSnapshot=true, databaseEnabled=false, handlesAlerts=true, hasTouchScreen=false, version=51.0.2704.106, platform=XP, browserConnectionEnabled=false, nativeEvents=true, acceptSslCerts=true, locationContextEnabled=true, webStorageEnabled=true, browserName=chrome, takesScreenshot=true, javascriptEnabled=true, cssSelectorsEnabled=true}]
Session ID: 162cceb1ad272b82189f271481fbb313
	at org.openqa.selenium.remote.ErrorHandler.createThrowable(ErrorHandler.java:206)
	at org.openqa.selenium.remote.ErrorHandler.throwIfResponseFailed(ErrorHandler.java:158)
	at org.openqa.selenium.remote.RemoteWebDriver.execute(RemoteWebDriver.java:678)
	at org.openqa.selenium.remote.RemoteWebElement.execute(RemoteWebElement.java:327)
	at org.openqa.selenium.remote.RemoteWebElement.click(RemoteWebElement.java:85)
	at org.openqa.selenium.support.pagefactory.internal.LocatingElementHandler.invoke(LocatingElementHandler.java:51)
	at com.sun.proxy.$Proxy7.click(Unknown Source)
	at com.test.regression.cub.pages.CubHome.clickTermsOfUse(CubHome.java:224)
	at com.test.regression.cub.testscripts.HeaderFooterNavigation.TermsAndConditionsSignedInUser(HeaderFooterNavigation.java:241)
... Removed 31 stack frames]]>
    </failure>
  </testcase> <!-- TermsAndConditionsSignedInUser -->
  <testcase name="CustomerServiceSignedInUser" time="16.85" classname="com.test.regression.cub.testscripts.HeaderFooterNavigation"/>
  <testcase name="WeeklyAdTileSignedInUser" time="20.408" classname="com.test.regression.cub.testscripts.HeaderFooterNavigation"/>
  <testcase name="CouponTileSignedInUser" time="11.882" classname="com.test.regression.cub.testscripts.HeaderFooterNavigation">
    <failure type="java.lang.AssertionError" message="expected [Cub Foods - MN &amp;amp; IL Grocery Stores | Cub Foods] but found [Cub Foods - View Coupons | MN &amp;amp; IL Grocery Store | Cub Foods]">
      <![CDATA[java.lang.AssertionError: expected [Cub Foods - MN & IL Grocery Stores | Cub Foods] but found [Cub Foods - View Coupons | MN & IL Grocery Store | Cub Foods]
	at com.test.regression.cub.testscripts.HeaderFooterNavigation.CouponTileSignedInUser(HeaderFooterNavigation.java:384)
... Removed 29 stack frames]]>
    </failure>
  </testcase> <!-- CouponTileSignedInUser -->
  <testcase name="CakesandPartyTileSignedInUser" time="13.974" classname="com.test.regression.cub.testscripts.HeaderFooterNavigation"/>
  <testcase name="CubRewardsTileSignedInUser" time="14.516" classname="com.test.regression.cub.testscripts.HeaderFooterNavigation"/>
>>>>>>> 8133ebbbad1bc474a5ecb1e0181ba7542e96bf8a
</testsuite> <!-- Header Footer Navigation - Testing -->
