<html>
<head>
<title>TestNG:  Sign Up - Testing</title>
<link href="../testng.css" rel="stylesheet" type="text/css" />
<link href="../my-testng.css" rel="stylesheet" type="text/css" />

<style type="text/css">
.log { display: none;} 
.stack-trace { display: none;} 
</style>
<script type="text/javascript">
<!--
function flip(e) {
  current = e.style.display;
  if (current == 'block') {
    e.style.display = 'none';
    return 0;
  }
  else {
    e.style.display = 'block';
    return 1;
  }
}

function toggleBox(szDivId, elem, msg1, msg2)
{
  var res = -1;  if (document.getElementById) {
    res = flip(document.getElementById(szDivId));
  }
  else if (document.all) {
    // this is the way old msie versions work
    res = flip(document.all[szDivId]);
  }
  if(elem) {
    if(res == 0) elem.innerHTML = msg1; else elem.innerHTML = msg2;
  }

}

function toggleAllBoxes() {
  if (document.getElementsByTagName) {
    d = document.getElementsByTagName('div');
    for (i = 0; i < d.length; i++) {
      if (d[i].className == 'log') {
        flip(d[i]);
      }
    }
  }
}

// -->
</script>

</head>
<body>
<h2 align='center'>Sign Up - Testing</h2><table border='1' align="center">
<tr>
<td>Tests passed/Failed/Skipped:</td><td>3/1/4</td>
</tr><tr>
<td>Started on:</td><td>Mon Sep 26 11:15:02 IST 2016</td>
</tr>
<tr><td>Total time:</td><td>833 seconds (833996 ms)</td>
</tr><tr>
<td>Included groups:</td><td></td>
</tr><tr>
<td>Excluded groups:</td><td></td>
</tr>
</table><p/>
<small><i>(Hover the method name to see the test class name)</i></small><p/>
<table width='100%' border='1' class='invocation-failed'>
<tr><td colspan='4' align='center'><b>FAILED CONFIGURATIONS</b></td></tr>
<tr><td><b>Test method</b></td>
<td width="30%"><b>Exception</b></td>
<td width="10%"><b>Time (seconds)</b></td>
<td><b>Instance</b></td>
</tr>
<tr>
<td title='com.test.regression.cub.testscripts.SignUp.initialization()'><b>initialization</b><br>Test class: com.test.regression.cub.testscripts.SignUp<br>Parameters: public void com.test.regression.cub.testscripts.SignUp.signUp_validateContactInfoPopup()</td>
<td><div><pre>org.openqa.selenium.WebDriverException: unknown error: cannot get automation extension
from timeout: cannot determine loading status
from timeout: Timed out receiving message from renderer: 1.050
  (Session info: chrome=53.0.2785.116)
  (Driver info: chromedriver=2.23.409699 (49b0fa931cda1caad0ae15b7d1b68004acd05129),platform=Windows NT 6.1.7601 SP1 x86_64) (WARNING: The server did not provide any stacktrace information)
Command duration or timeout: 10.29 seconds
Build info: version: &apos;2.53.0&apos;, revision: &apos;35ae25b1534ae328c771e0856c93e187490ca824&apos;, time: &apos;2016-03-15 10:43:46&apos;
System info: host: &apos;SDEVPCSVU7112&apos;, ip: &apos;10.15.142.48&apos;, os.name: &apos;Windows 7&apos;, os.arch: &apos;amd64&apos;, os.version: &apos;6.1&apos;, java.version: &apos;1.8.0_91&apos;
Driver info: org.openqa.selenium.chrome.ChromeDriver
Capabilities [{applicationCacheEnabled=false, rotatable=false, mobileEmulationEnabled=false, networkConnectionEnabled=false, chrome={chromedriverVersion=2.23.409699 (49b0fa931cda1caad0ae15b7d1b68004acd05129), userDataDir=C:\Users\jrag00m\AppData\Local\Temp\scoped_dir1911744_23780}, takesHeapSnapshot=true, databaseEnabled=false, handlesAlerts=true, hasTouchScreen=false, version=53.0.2785.116, platform=XP, browserConnectionEnabled=false, nativeEvents=true, acceptSslCerts=true, locationContextEnabled=true, webStorageEnabled=true, browserName=chrome, takesScreenshot=true, javascriptEnabled=true, cssSelectorsEnabled=true}]
Session ID: 718f612ae8eb3a5411fe7a92df3c4a0c
	at org.openqa.selenium.remote.ErrorHandler.createThrowable(ErrorHandler.java:206)
	at org.openqa.selenium.remote.ErrorHandler.throwIfResponseFailed(ErrorHandler.java:158)
	at org.openqa.selenium.remote.RemoteWebDriver.execute(RemoteWebDriver.java:678)
	at org.openqa.selenium.remote.RemoteWebDriver$RemoteWebDriverOptions$RemoteWindow.maximize(RemoteWebDriver.java:945)
	at com.test.regression.cub.utils.SuiteBase.InitializeDriver(SuiteBase.java:121)
	at com.test.regression.cub.utils.SuiteBase.initialization(SuiteBase.java:71)
... Removed 30 stack frames</pre></div><a href='#' onClick='toggleBox("stack-trace473153915", this, "Click to show all stack frames", "Click to hide stack frames")'>Click to show all stack frames</a>
<div class='stack-trace' id='stack-trace473153915'><pre>org.openqa.selenium.WebDriverException: unknown error: cannot get automation extension
from timeout: cannot determine loading status
from timeout: Timed out receiving message from renderer: 1.050
  (Session info: chrome=53.0.2785.116)
  (Driver info: chromedriver=2.23.409699 (49b0fa931cda1caad0ae15b7d1b68004acd05129),platform=Windows NT 6.1.7601 SP1 x86_64) (WARNING: The server did not provide any stacktrace information)
Command duration or timeout: 10.29 seconds
Build info: version: &apos;2.53.0&apos;, revision: &apos;35ae25b1534ae328c771e0856c93e187490ca824&apos;, time: &apos;2016-03-15 10:43:46&apos;
System info: host: &apos;SDEVPCSVU7112&apos;, ip: &apos;10.15.142.48&apos;, os.name: &apos;Windows 7&apos;, os.arch: &apos;amd64&apos;, os.version: &apos;6.1&apos;, java.version: &apos;1.8.0_91&apos;
Driver info: org.openqa.selenium.chrome.ChromeDriver
Capabilities [{applicationCacheEnabled=false, rotatable=false, mobileEmulationEnabled=false, networkConnectionEnabled=false, chrome={chromedriverVersion=2.23.409699 (49b0fa931cda1caad0ae15b7d1b68004acd05129), userDataDir=C:\Users\jrag00m\AppData\Local\Temp\scoped_dir1911744_23780}, takesHeapSnapshot=true, databaseEnabled=false, handlesAlerts=true, hasTouchScreen=false, version=53.0.2785.116, platform=XP, browserConnectionEnabled=false, nativeEvents=true, acceptSslCerts=true, locationContextEnabled=true, webStorageEnabled=true, browserName=chrome, takesScreenshot=true, javascriptEnabled=true, cssSelectorsEnabled=true}]
Session ID: 718f612ae8eb3a5411fe7a92df3c4a0c
	at sun.reflect.NativeConstructorAccessorImpl.newInstance0(Native Method)
	at sun.reflect.NativeConstructorAccessorImpl.newInstance(Unknown Source)
	at sun.reflect.DelegatingConstructorAccessorImpl.newInstance(Unknown Source)
	at java.lang.reflect.Constructor.newInstance(Unknown Source)
	at org.openqa.selenium.remote.ErrorHandler.createThrowable(ErrorHandler.java:206)
	at org.openqa.selenium.remote.ErrorHandler.throwIfResponseFailed(ErrorHandler.java:158)
	at org.openqa.selenium.remote.RemoteWebDriver.execute(RemoteWebDriver.java:678)
	at org.openqa.selenium.remote.RemoteWebDriver$RemoteWebDriverOptions$RemoteWindow.maximize(RemoteWebDriver.java:945)
	at com.test.regression.cub.utils.SuiteBase.InitializeDriver(SuiteBase.java:121)
	at com.test.regression.cub.utils.SuiteBase.initialization(SuiteBase.java:71)
	at sun.reflect.NativeMethodAccessorImpl.invoke0(Native Method)
	at sun.reflect.NativeMethodAccessorImpl.invoke(Unknown Source)
	at sun.reflect.DelegatingMethodAccessorImpl.invoke(Unknown Source)
	at java.lang.reflect.Method.invoke(Unknown Source)
	at org.testng.internal.MethodInvocationHelper.invokeMethod(MethodInvocationHelper.java:80)
	at org.testng.internal.Invoker.invokeConfigurationMethod(Invoker.java:564)
	at org.testng.internal.Invoker.invokeConfigurations(Invoker.java:213)
	at org.testng.internal.Invoker.invokeMethod(Invoker.java:653)
	at org.testng.internal.Invoker.invokeTestMethod(Invoker.java:901)
	at org.testng.internal.Invoker.invokeTestMethods(Invoker.java:1231)
	at org.testng.internal.TestMethodWorker.invokeTestMethods(TestMethodWorker.java:127)
	at org.testng.internal.TestMethodWorker.run(TestMethodWorker.java:111)
	at org.testng.TestRunner.privateRun(TestRunner.java:767)
	at org.testng.TestRunner.run(TestRunner.java:617)
	at org.testng.SuiteRunner.runTest(SuiteRunner.java:334)
	at org.testng.SuiteRunner.runSequentially(SuiteRunner.java:329)
	at org.testng.SuiteRunner.privateRun(SuiteRunner.java:291)
	at org.testng.SuiteRunner.run(SuiteRunner.java:240)
	at org.testng.SuiteRunnerWorker.runSuite(SuiteRunnerWorker.java:52)
	at org.testng.SuiteRunnerWorker.run(SuiteRunnerWorker.java:86)
	at org.testng.TestNG.runSuitesSequentially(TestNG.java:1198)
	at org.testng.TestNG.runSuitesLocally(TestNG.java:1123)
	at org.testng.TestNG.run(TestNG.java:1031)
	at org.testng.remote.AbstractRemoteTestNG.run(AbstractRemoteTestNG.java:126)
	at org.testng.remote.RemoteTestNG.initAndRun(RemoteTestNG.java:75)
	at org.testng.remote.RemoteTestNG.main(RemoteTestNG.java:46)
</pre></div></td>
<td>0</td>
<td>com.test.regression.cub.testscripts.SignUp@5f9d02cb</td></tr>
</table><p>
<table width='100%' border='1' class='invocation-skipped'>
<tr><td colspan='4' align='center'><b>SKIPPED CONFIGURATIONS</b></td></tr>
<tr><td><b>Test method</b></td>
<td width="30%"><b>Exception</b></td>
<td width="10%"><b>Time (seconds)</b></td>
<td><b>Instance</b></td>
</tr>
<tr>
<td title='com.test.regression.cub.testscripts.SignUp.initialization()'><b>initialization</b><br>Test class: com.test.regression.cub.testscripts.SignUp</td>
<td></td>
<td>0</td>
<td>com.test.regression.cub.testscripts.SignUp@5f9d02cb</td></tr>
<tr>
<td title='com.test.regression.cub.testscripts.SignUp.initialization()'><b>initialization</b><br>Test class: com.test.regression.cub.testscripts.SignUp</td>
<td></td>
<td>0</td>
<td>com.test.regression.cub.testscripts.SignUp@5f9d02cb</td></tr>
<tr>
<td title='com.test.regression.cub.testscripts.SignUp.initialization()'><b>initialization</b><br>Test class: com.test.regression.cub.testscripts.SignUp</td>
<td></td>
<td>0</td>
<td>com.test.regression.cub.testscripts.SignUp@5f9d02cb</td></tr>
<tr>
<td title='com.test.regression.cub.testscripts.SignUp.breakDown()'><b>breakDown</b><br>Test class: com.test.regression.cub.testscripts.SignUp</td>
<td></td>
<td>0</td>
<td>com.test.regression.cub.testscripts.SignUp@5f9d02cb</td></tr>
<tr>
<td title='com.test.regression.cub.testscripts.SignUp.closeDriver()'><b>closeDriver</b><br>Test class: com.test.regression.cub.testscripts.SignUp</td>
<td></td>
<td>0</td>
<td>com.test.regression.cub.testscripts.SignUp@5f9d02cb</td></tr>
<tr>
<td title='com.test.regression.cub.testscripts.SignUp.breakDown()'><b>breakDown</b><br>Test class: com.test.regression.cub.testscripts.SignUp</td>
<td></td>
<td>0</td>
<td>com.test.regression.cub.testscripts.SignUp@5f9d02cb</td></tr>
<tr>
<td title='com.test.regression.cub.testscripts.SignUp.closeDriver()'><b>closeDriver</b><br>Test class: com.test.regression.cub.testscripts.SignUp</td>
<td></td>
<td>0</td>
<td>com.test.regression.cub.testscripts.SignUp@5f9d02cb</td></tr>
<tr>
<td title='com.test.regression.cub.testscripts.SignUp.breakDown()'><b>breakDown</b><br>Test class: com.test.regression.cub.testscripts.SignUp</td>
<td></td>
<td>0</td>
<td>com.test.regression.cub.testscripts.SignUp@5f9d02cb</td></tr>
<tr>
<td title='com.test.regression.cub.testscripts.SignUp.closeDriver()'><b>closeDriver</b><br>Test class: com.test.regression.cub.testscripts.SignUp</td>
<td></td>
<td>0</td>
<td>com.test.regression.cub.testscripts.SignUp@5f9d02cb</td></tr>
<tr>
<td title='com.test.regression.cub.testscripts.SignUp.breakDown()'><b>breakDown</b><br>Test class: com.test.regression.cub.testscripts.SignUp</td>
<td></td>
<td>0</td>
<td>com.test.regression.cub.testscripts.SignUp@5f9d02cb</td></tr>
<tr>
<td title='com.test.regression.cub.testscripts.SignUp.closeDriver()'><b>closeDriver</b><br>Test class: com.test.regression.cub.testscripts.SignUp</td>
<td></td>
<td>0</td>
<td>com.test.regression.cub.testscripts.SignUp@5f9d02cb</td></tr>
</table><p>
<table width='100%' border='1' class='invocation-failed'>
<tr><td colspan='4' align='center'><b>FAILED TESTS</b></td></tr>
<tr><td><b>Test method</b></td>
<td width="30%"><b>Exception</b></td>
<td width="10%"><b>Time (seconds)</b></td>
<td><b>Instance</b></td>
</tr>
<tr>
<td title='com.test.regression.cub.testscripts.SignUp.validSignUp_yesIHaveOne_validateRewardsPopup()'><b>validSignUp_yesIHaveOne_validateRewardsPopup</b><br>Test class: com.test.regression.cub.testscripts.SignUp</td>
<td><div><pre>java.lang.AssertionError: The following asserts failed:

  Failed: No error displayed when user enters invalid cardless id and valid lastname.., 
  Failed: No error displayed when user enters invalid last name and valid  card number.., 
  Failed: No error displayed when user enters invalid Cardles id and valid  card number.., 
  Failed: No error displayed when user enters valid Cardles id and invalid card number.., 
  Failed: No error displayed when user enters valid cardless id and invalid lastname.., 
  Failed: Continue button is enabled  when user enters alphabets in Cardles id feild while adding existing card.., 
  Failed: Continue button is enabled  when user enters Special Characters in Cardles id feild while adding existing card.., 
  Failed: Continue button is enabled  when user enters Space in Cardles id feild while adding existing card.., 
  Failed: No error displayed when user enters invalid card number and valid lastname..
	at com.test.regression.cub.testscripts.SignUp.validSignUp_yesIHaveOne_validateRewardsPopup(SignUp.java:829)
... Removed 25 stack frames</pre></div><a href='#' onClick='toggleBox("stack-trace1619356001", this, "Click to show all stack frames", "Click to hide stack frames")'>Click to show all stack frames</a>
<div class='stack-trace' id='stack-trace1619356001'><pre>java.lang.AssertionError: The following asserts failed:

  Failed: No error displayed when user enters invalid cardless id and valid lastname.., 
  Failed: No error displayed when user enters invalid last name and valid  card number.., 
  Failed: No error displayed when user enters invalid Cardles id and valid  card number.., 
  Failed: No error displayed when user enters valid Cardles id and invalid card number.., 
  Failed: No error displayed when user enters valid cardless id and invalid lastname.., 
  Failed: Continue button is enabled  when user enters alphabets in Cardles id feild while adding existing card.., 
  Failed: Continue button is enabled  when user enters Special Characters in Cardles id feild while adding existing card.., 
  Failed: Continue button is enabled  when user enters Space in Cardles id feild while adding existing card.., 
  Failed: No error displayed when user enters invalid card number and valid lastname..
	at org.testng.asserts.SoftAssert.assertAll(SoftAssert.java:37)
	at com.test.regression.cub.testscripts.SignUp.validSignUp_yesIHaveOne_validateRewardsPopup(SignUp.java:829)
	at sun.reflect.NativeMethodAccessorImpl.invoke0(Native Method)
	at sun.reflect.NativeMethodAccessorImpl.invoke(Unknown Source)
	at sun.reflect.DelegatingMethodAccessorImpl.invoke(Unknown Source)
	at java.lang.reflect.Method.invoke(Unknown Source)
	at org.testng.internal.MethodInvocationHelper.invokeMethod(MethodInvocationHelper.java:80)
	at org.testng.internal.Invoker.invokeMethod(Invoker.java:714)
	at org.testng.internal.Invoker.invokeTestMethod(Invoker.java:901)
	at org.testng.internal.Invoker.invokeTestMethods(Invoker.java:1231)
	at org.testng.internal.TestMethodWorker.invokeTestMethods(TestMethodWorker.java:127)
	at org.testng.internal.TestMethodWorker.run(TestMethodWorker.java:111)
	at org.testng.TestRunner.privateRun(TestRunner.java:767)
	at org.testng.TestRunner.run(TestRunner.java:617)
	at org.testng.SuiteRunner.runTest(SuiteRunner.java:334)
	at org.testng.SuiteRunner.runSequentially(SuiteRunner.java:329)
	at org.testng.SuiteRunner.privateRun(SuiteRunner.java:291)
	at org.testng.SuiteRunner.run(SuiteRunner.java:240)
	at org.testng.SuiteRunnerWorker.runSuite(SuiteRunnerWorker.java:52)
	at org.testng.SuiteRunnerWorker.run(SuiteRunnerWorker.java:86)
	at org.testng.TestNG.runSuitesSequentially(TestNG.java:1198)
	at org.testng.TestNG.runSuitesLocally(TestNG.java:1123)
	at org.testng.TestNG.run(TestNG.java:1031)
	at org.testng.remote.AbstractRemoteTestNG.run(AbstractRemoteTestNG.java:126)
	at org.testng.remote.RemoteTestNG.initAndRun(RemoteTestNG.java:75)
	at org.testng.remote.RemoteTestNG.main(RemoteTestNG.java:46)
</pre></div></td>
<td>339</td>
<td>com.test.regression.cub.testscripts.SignUp@5f9d02cb</td></tr>
</table><p>
<table width='100%' border='1' class='invocation-passed'>
<tr><td colspan='4' align='center'><b>PASSED TESTS</b></td></tr>
<tr><td><b>Test method</b></td>
<td width="30%"><b>Exception</b></td>
<td width="10%"><b>Time (seconds)</b></td>
<td><b>Instance</b></td>
</tr>
<tr>
<td title='com.test.regression.cub.testscripts.SignUp.validSignUp4mSL()'><b>validSignUp4mSL</b><br>Test class: com.test.regression.cub.testscripts.SignUp</td>
<td></td>
<td>126</td>
<td>com.test.regression.cub.testscripts.SignUp@5f9d02cb</td></tr>
<tr>
<td title='com.test.regression.cub.testscripts.SignUp.validSignUp_noCard()'><b>validSignUp_noCard</b><br>Test class: com.test.regression.cub.testscripts.SignUp</td>
<td></td>
<td>58</td>
<td>com.test.regression.cub.testscripts.SignUp@5f9d02cb</td></tr>
<tr>
<td title='com.test.regression.cub.testscripts.SignUp.validSignUp_yesIHaveOne()'><b>validSignUp_yesIHaveOne</b><br>Test class: com.test.regression.cub.testscripts.SignUp</td>
<td></td>
<td>65</td>
<td>com.test.regression.cub.testscripts.SignUp@5f9d02cb</td></tr>
</table><p>
<table width='100%' border='1' class='invocation-skipped'>
<tr><td colspan='4' align='center'><b>SKIPPED TESTS</b></td></tr>
<tr><td><b>Test method</b></td>
<td width="30%"><b>Exception</b></td>
<td width="10%"><b>Time (seconds)</b></td>
<td><b>Instance</b></td>
</tr>
<tr>
<td title='com.test.regression.cub.testscripts.SignUp.signUp_validateContactInfoPopup()'><b>signUp_validateContactInfoPopup</b><br>Test class: com.test.regression.cub.testscripts.SignUp</td>
<td></td>
<td>0</td>
<td>com.test.regression.cub.testscripts.SignUp@5f9d02cb</td></tr>
<tr>
<td title='com.test.regression.cub.testscripts.SignUp.userNameNPasswordFieldValidationSignUp()'><b>userNameNPasswordFieldValidationSignUp</b><br>Test class: com.test.regression.cub.testscripts.SignUp</td>
<td></td>
<td>0</td>
<td>com.test.regression.cub.testscripts.SignUp@5f9d02cb</td></tr>
<tr>
<td title='com.test.regression.cub.testscripts.SignUp.validSignUp_noCardButWantOne()'><b>validSignUp_noCardButWantOne</b><br>Test class: com.test.regression.cub.testscripts.SignUp</td>
<td></td>
<td>0</td>
<td>com.test.regression.cub.testscripts.SignUp@5f9d02cb</td></tr>
<tr>
<td title='com.test.regression.cub.testscripts.SignUp.validateSignInLinkInSignUpPopup()'><b>validateSignInLinkInSignUpPopup</b><br>Test class: com.test.regression.cub.testscripts.SignUp</td>
<td></td>
<td>0</td>
<td>com.test.regression.cub.testscripts.SignUp@5f9d02cb</td></tr>
</table><p>
</body>
</html>