<?xml version="1.0" encoding="UTF-8"?>
<!-- Generated by org.testng.reporters.JUnitXMLReporter -->
<testsuite hostname="SDEVPCSVU7112" name="Sign Up - Testing" tests="8" failures="1" timestamp="26 Sep 2016 05:59:02 GMT" time="833.996" errors="0">
  <testcase name="@BeforeMethod initialization" time="0.0" classname="com.test.regression.cub.testscripts.SignUp">
    <failure type="org.openqa.selenium.WebDriverException" message="unknown error: cannot get automation extension
from timeout: cannot determine loading status
from timeout: Timed out receiving message from renderer: 1.050
  (Session info: chrome=53.0.2785.116)
  (Driver info: chromedriver=2.23.409699 (49b0fa931cda1caad0ae15b7d1b68004acd05129),platform=Windows NT 6.1.7601 SP1 x86_64) (WARNING: The server did not provide any stacktrace information)
Command duration or timeout: 10.29 seconds
Build info: version: &amp;apos;2.53.0&amp;apos;, revision: &amp;apos;35ae25b1534ae328c771e0856c93e187490ca824&amp;apos;, time: &amp;apos;2016-03-15 10:43:46&amp;apos;
System info: host: &amp;apos;SDEVPCSVU7112&amp;apos;, ip: &amp;apos;10.15.142.48&amp;apos;, os.name: &amp;apos;Windows 7&amp;apos;, os.arch: &amp;apos;amd64&amp;apos;, os.version: &amp;apos;6.1&amp;apos;, java.version: &amp;apos;1.8.0_91&amp;apos;
Driver info: org.openqa.selenium.chrome.ChromeDriver
Capabilities [{applicationCacheEnabled=false, rotatable=false, mobileEmulationEnabled=false, networkConnectionEnabled=false, chrome={chromedriverVersion=2.23.409699 (49b0fa931cda1caad0ae15b7d1b68004acd05129), userDataDir=C:\Users\jrag00m\AppData\Local\Temp\scoped_dir1911744_23780}, takesHeapSnapshot=true, databaseEnabled=false, handlesAlerts=true, hasTouchScreen=false, version=53.0.2785.116, platform=XP, browserConnectionEnabled=false, nativeEvents=true, acceptSslCerts=true, locationContextEnabled=true, webStorageEnabled=true, browserName=chrome, takesScreenshot=true, javascriptEnabled=true, cssSelectorsEnabled=true}]
Session ID: 718f612ae8eb3a5411fe7a92df3c4a0c">
      <![CDATA[org.openqa.selenium.WebDriverException: unknown error: cannot get automation extension
from timeout: cannot determine loading status
from timeout: Timed out receiving message from renderer: 1.050
  (Session info: chrome=53.0.2785.116)
  (Driver info: chromedriver=2.23.409699 (49b0fa931cda1caad0ae15b7d1b68004acd05129),platform=Windows NT 6.1.7601 SP1 x86_64) (WARNING: The server did not provide any stacktrace information)
Command duration or timeout: 10.29 seconds
Build info: version: '2.53.0', revision: '35ae25b1534ae328c771e0856c93e187490ca824', time: '2016-03-15 10:43:46'
System info: host: 'SDEVPCSVU7112', ip: '10.15.142.48', os.name: 'Windows 7', os.arch: 'amd64', os.version: '6.1', java.version: '1.8.0_91'
Driver info: org.openqa.selenium.chrome.ChromeDriver
Capabilities [{applicationCacheEnabled=false, rotatable=false, mobileEmulationEnabled=false, networkConnectionEnabled=false, chrome={chromedriverVersion=2.23.409699 (49b0fa931cda1caad0ae15b7d1b68004acd05129), userDataDir=C:\Users\jrag00m\AppData\Local\Temp\scoped_dir1911744_23780}, takesHeapSnapshot=true, databaseEnabled=false, handlesAlerts=true, hasTouchScreen=false, version=53.0.2785.116, platform=XP, browserConnectionEnabled=false, nativeEvents=true, acceptSslCerts=true, locationContextEnabled=true, webStorageEnabled=true, browserName=chrome, takesScreenshot=true, javascriptEnabled=true, cssSelectorsEnabled=true}]
Session ID: 718f612ae8eb3a5411fe7a92df3c4a0c
	at org.openqa.selenium.remote.ErrorHandler.createThrowable(ErrorHandler.java:206)
	at org.openqa.selenium.remote.ErrorHandler.throwIfResponseFailed(ErrorHandler.java:158)
	at org.openqa.selenium.remote.RemoteWebDriver.execute(RemoteWebDriver.java:678)
	at org.openqa.selenium.remote.RemoteWebDriver$RemoteWebDriverOptions$RemoteWindow.maximize(RemoteWebDriver.java:945)
	at com.test.regression.cub.utils.SuiteBase.InitializeDriver(SuiteBase.java:121)
	at com.test.regression.cub.utils.SuiteBase.initialization(SuiteBase.java:71)
... Removed 30 stack frames]]>
    </failure>
  </testcase> <!-- @BeforeMethod initialization -->
  <testcase name="@AfterMethod breakDown" time="0.0" classname="com.test.regression.cub.testscripts.SignUp">
    <skipped/>
  </testcase> <!-- @AfterMethod breakDown -->
  <testcase name="@AfterMethod closeDriver" time="0.0" classname="com.test.regression.cub.testscripts.SignUp">
    <skipped/>
  </testcase> <!-- @AfterMethod closeDriver -->
  <testcase name="@BeforeMethod initialization" time="0.0" classname="com.test.regression.cub.testscripts.SignUp">
    <skipped/>
  </testcase> <!-- @BeforeMethod initialization -->
  <testcase name="@AfterMethod breakDown" time="0.0" classname="com.test.regression.cub.testscripts.SignUp">
    <skipped/>
  </testcase> <!-- @AfterMethod breakDown -->
  <testcase name="@AfterMethod closeDriver" time="0.0" classname="com.test.regression.cub.testscripts.SignUp">
    <skipped/>
  </testcase> <!-- @AfterMethod closeDriver -->
  <testcase name="@BeforeMethod initialization" time="0.0" classname="com.test.regression.cub.testscripts.SignUp">
    <skipped/>
  </testcase> <!-- @BeforeMethod initialization -->
  <testcase name="@AfterMethod breakDown" time="0.0" classname="com.test.regression.cub.testscripts.SignUp">
    <skipped/>
  </testcase> <!-- @AfterMethod breakDown -->
  <testcase name="@AfterMethod closeDriver" time="0.0" classname="com.test.regression.cub.testscripts.SignUp">
    <skipped/>
  </testcase> <!-- @AfterMethod closeDriver -->
  <testcase name="@BeforeMethod initialization" time="0.0" classname="com.test.regression.cub.testscripts.SignUp">
    <skipped/>
  </testcase> <!-- @BeforeMethod initialization -->
  <testcase name="@AfterMethod breakDown" time="0.0" classname="com.test.regression.cub.testscripts.SignUp">
    <skipped/>
  </testcase> <!-- @AfterMethod breakDown -->
  <testcase name="@AfterMethod closeDriver" time="0.0" classname="com.test.regression.cub.testscripts.SignUp">
    <skipped/>
  </testcase> <!-- @AfterMethod closeDriver -->
  <testcase name="validSignUp4mSL" time="126.615" classname="com.test.regression.cub.testscripts.SignUp"/>
  <testcase name="validSignUp_noCard" time="58.299" classname="com.test.regression.cub.testscripts.SignUp"/>
  <testcase name="validSignUp_yesIHaveOne" time="65.044" classname="com.test.regression.cub.testscripts.SignUp"/>
  <testcase name="validSignUp_yesIHaveOne_validateRewardsPopup" time="339.905" classname="com.test.regression.cub.testscripts.SignUp">
    <failure type="java.lang.AssertionError" message="The following asserts failed:

  Failed: No error displayed when user enters invalid cardless id and valid lastname.., 
  Failed: No error displayed when user enters invalid last name and valid  card number.., 
  Failed: No error displayed when user enters invalid Cardles id and valid  card number.., 
  Failed: No error displayed when user enters valid Cardles id and invalid card number.., 
  Failed: No error displayed when user enters valid cardless id and invalid lastname.., 
  Failed: Continue button is enabled  when user enters alphabets in Cardles id feild while adding existing card.., 
  Failed: Continue button is enabled  when user enters Special Characters in Cardles id feild while adding existing card.., 
  Failed: Continue button is enabled  when user enters Space in Cardles id feild while adding existing card.., 
  Failed: No error displayed when user enters invalid card number and valid lastname..">
      <![CDATA[java.lang.AssertionError: The following asserts failed:

  Failed: No error displayed when user enters invalid cardless id and valid lastname.., 
  Failed: No error displayed when user enters invalid last name and valid  card number.., 
  Failed: No error displayed when user enters invalid Cardles id and valid  card number.., 
  Failed: No error displayed when user enters valid Cardles id and invalid card number.., 
  Failed: No error displayed when user enters valid cardless id and invalid lastname.., 
  Failed: Continue button is enabled  when user enters alphabets in Cardles id feild while adding existing card.., 
  Failed: Continue button is enabled  when user enters Special Characters in Cardles id feild while adding existing card.., 
  Failed: Continue button is enabled  when user enters Space in Cardles id feild while adding existing card.., 
  Failed: No error displayed when user enters invalid card number and valid lastname..
	at com.test.regression.cub.testscripts.SignUp.validSignUp_yesIHaveOne_validateRewardsPopup(SignUp.java:829)
... Removed 25 stack frames]]>
    </failure>
  </testcase> <!-- validSignUp_yesIHaveOne_validateRewardsPopup -->
  <testcase name="signUp_validateContactInfoPopup" time="0.0" classname="com.test.regression.cub.testscripts.SignUp">
    <skipped/>
  </testcase> <!-- signUp_validateContactInfoPopup -->
  <testcase name="validSignUp_noCardButWantOne" time="0.001" classname="com.test.regression.cub.testscripts.SignUp">
    <skipped/>
  </testcase> <!-- validSignUp_noCardButWantOne -->
  <testcase name="validateSignInLinkInSignUpPopup" time="0.0" classname="com.test.regression.cub.testscripts.SignUp">
    <skipped/>
  </testcase> <!-- validateSignInLinkInSignUpPopup -->
  <testcase name="userNameNPasswordFieldValidationSignUp" time="0.0" classname="com.test.regression.cub.testscripts.SignUp">
    <skipped/>
  </testcase> <!-- userNameNPasswordFieldValidationSignUp -->
</testsuite> <!-- Sign Up - Testing -->
