<?xml version="1.0" encoding="UTF-8"?>
<!-- Generated by org.testng.reporters.JUnitXMLReporter -->
<testsuite hostname="sdwvpctcs2813" name="Sign In - Testing" tests="7" failures="1" timestamp="17 Aug 2016 09:45:15 GMT" time="292.857" errors="0">
  <testcase name="forgotPassword" time="9.214" classname="com.test.regression.cub.testscripts.SignIn"/>
  <testcase name="validLogin" time="30.256" classname="com.test.regression.cub.testscripts.SignIn"/>
  <testcase name="inValidLogin" time="25.006" classname="com.test.regression.cub.testscripts.SignIn"/>
  <testcase name="userNameNPasswordFieldValidation" time="37.582" classname="com.test.regression.cub.testscripts.SignIn"/>
  <testcase name="validLoginFromShoppingListPage" time="36.101" classname="com.test.regression.cub.testscripts.SignIn"/>
  <testcase name="validLoginFromCouponsPage" time="39.381" classname="com.test.regression.cub.testscripts.SignIn"/>
  <testcase name="validateSignUpLinkInSignInPopup" time="1.607" classname="com.test.regression.cub.testscripts.SignIn">
    <failure type="java.lang.AssertionError" message="stale element reference: element is not attached to the page document
  (Session info: chrome=52.0.2743.116)
  (Driver info: chromedriver=2.22.397933 (1cab651507b88dec79b2b2a22d1943c01833cc1b),platform=Windows NT 6.1.7601 SP1 x86_64) (WARNING: The server did not provide any stacktrace information)
Command duration or timeout: 59 milliseconds
For documentation on this error, please visit: http://seleniumhq.org/exceptions/stale_element_reference.html
Build info: version: &amp;apos;2.53.0&amp;apos;, revision: &amp;apos;35ae25b1534ae328c771e0856c93e187490ca824&amp;apos;, time: &amp;apos;2016-03-15 10:43:46&amp;apos;
System info: host: &amp;apos;sdwvpctcs2813&amp;apos;, ip: &amp;apos;10.15.11.210&amp;apos;, os.name: &amp;apos;Windows 7&amp;apos;, os.arch: &amp;apos;amd64&amp;apos;, os.version: &amp;apos;6.1&amp;apos;, java.version: &amp;apos;1.8.0_91&amp;apos;
Driver info: org.openqa.selenium.chrome.ChromeDriver
Capabilities [{applicationCacheEnabled=false, rotatable=false, mobileEmulationEnabled=false, chrome={chromedriverVersion=2.22.397933 (1cab651507b88dec79b2b2a22d1943c01833cc1b), userDataDir=C:\Users\hxdxa4\AppData\Local\Temp\scoped_dir5464_11596}, takesHeapSnapshot=true, databaseEnabled=false, handlesAlerts=true, hasTouchScreen=false, version=52.0.2743.116, platform=XP, browserConnectionEnabled=false, nativeEvents=true, acceptSslCerts=true, locationContextEnabled=true, webStorageEnabled=true, browserName=chrome, takesScreenshot=true, javascriptEnabled=true, cssSelectorsEnabled=true}]
Session ID: e627c185417e4c3ed04975176ef2e16e">
      <![CDATA[java.lang.AssertionError: stale element reference: element is not attached to the page document
  (Session info: chrome=52.0.2743.116)
  (Driver info: chromedriver=2.22.397933 (1cab651507b88dec79b2b2a22d1943c01833cc1b),platform=Windows NT 6.1.7601 SP1 x86_64) (WARNING: The server did not provide any stacktrace information)
Command duration or timeout: 59 milliseconds
For documentation on this error, please visit: http://seleniumhq.org/exceptions/stale_element_reference.html
Build info: version: '2.53.0', revision: '35ae25b1534ae328c771e0856c93e187490ca824', time: '2016-03-15 10:43:46'
System info: host: 'sdwvpctcs2813', ip: '10.15.11.210', os.name: 'Windows 7', os.arch: 'amd64', os.version: '6.1', java.version: '1.8.0_91'
Driver info: org.openqa.selenium.chrome.ChromeDriver
Capabilities [{applicationCacheEnabled=false, rotatable=false, mobileEmulationEnabled=false, chrome={chromedriverVersion=2.22.397933 (1cab651507b88dec79b2b2a22d1943c01833cc1b), userDataDir=C:\Users\hxdxa4\AppData\Local\Temp\scoped_dir5464_11596}, takesHeapSnapshot=true, databaseEnabled=false, handlesAlerts=true, hasTouchScreen=false, version=52.0.2743.116, platform=XP, browserConnectionEnabled=false, nativeEvents=true, acceptSslCerts=true, locationContextEnabled=true, webStorageEnabled=true, browserName=chrome, takesScreenshot=true, javascriptEnabled=true, cssSelectorsEnabled=true}]
Session ID: e627c185417e4c3ed04975176ef2e16e
	at com.test.regression.cub.testscripts.SignIn.validateSignUpLinkInSignInPopup(SignIn.java:337)
... Removed 25 stack frames]]>
    </failure>
  </testcase> <!-- validateSignUpLinkInSignInPopup -->
</testsuite> <!-- Sign In - Testing -->
