<?xml version="1.0" encoding="UTF-8"?>
<!-- Generated by org.testng.reporters.JUnitXMLReporter -->
<testsuite hostname="SDEVPCSVU7112" name="Coupons - Testing" tests="1" failures="1" timestamp="19 Sep 2016 07:25:10 GMT" time="76.466" errors="0">
  <testcase name="couponPageFullLoad" time="47.993" classname="com.test.regression.farmfresh.testscripts.Coupons">
    <failure type="java.lang.AssertionError" message="expected [188] but found [48]">
      <![CDATA[java.lang.AssertionError: expected [188] but found [48]
	at com.test.regression.farmfresh.testscripts.Coupons.couponPageFullLoad(Coupons.java:272)
... Removed 29 stack frames]]>
    </failure>
  </testcase> <!-- couponPageFullLoad -->
</testsuite> <!-- Coupons - Testing -->
