<?xml version="1.0" encoding="UTF-8"?>
<testng-results skipped="0" failed="1" total="1" passed="0">
  <reporter-output>
  </reporter-output>
  <suite name="Suite" duration-ms="62926" started-at="2016-09-19T11:23:37Z" finished-at="2016-09-19T11:24:40Z">
    <groups>
    </groups>
    <test name="Coupons - Testing" duration-ms="62926" started-at="2016-09-19T11:23:37Z" finished-at="2016-09-19T11:24:40Z">
      <class name="com.test.regression.cub.testscripts.Coupons">
        <test-method status="PASS" signature="DataSetUp()[pri:0, instance:com.test.regression.cub.testscripts.Coupons@64bfbc86]" name="DataSetUp" is-config="true" duration-ms="633" started-at="2016-09-19T16:53:36Z" finished-at="2016-09-19T16:53:37Z">
          <reporter-output>
          </reporter-output>
        </test-method> <!-- DataSetUp -->
        <test-method status="PASS" signature="initialization(java.lang.reflect.Method)[pri:0, instance:com.test.regression.cub.testscripts.Coupons@64bfbc86]" name="initialization" is-config="true" duration-ms="21343" started-at="2016-09-19T16:53:37Z" finished-at="2016-09-19T16:53:58Z">
          <params>
            <param index="0">
              <value>
                <![CDATA[public void com.test.regression.cub.testscripts.Coupons.couponPageFullLoad()]]>
              </value>
            </param>
          </params>
          <reporter-output>
          </reporter-output>
        </test-method> <!-- initialization -->
        <test-method status="FAIL" signature="couponPageFullLoad()[pri:0, instance:com.test.regression.cub.testscripts.Coupons@64bfbc86]" name="couponPageFullLoad" duration-ms="31605" started-at="2016-09-19T16:53:58Z" finished-at="2016-09-19T16:54:30Z">
          <exception class="java.lang.AssertionError">
            <message>
              <![CDATA[expected [193] but found [24]]]>
            </message>
            <full-stacktrace>
              <![CDATA[java.lang.AssertionError: expected [193] but found [24]
	at org.testng.Assert.fail(Assert.java:94)
	at org.testng.Assert.failNotEquals(Assert.java:494)
	at org.testng.Assert.assertEquals(Assert.java:123)
	at org.testng.Assert.assertEquals(Assert.java:370)
	at org.testng.Assert.assertEquals(Assert.java:380)
	at com.test.regression.cub.testscripts.Coupons.couponPageFullLoad(Coupons.java:342)
	at sun.reflect.NativeMethodAccessorImpl.invoke0(Native Method)
	at sun.reflect.NativeMethodAccessorImpl.invoke(Unknown Source)
	at sun.reflect.DelegatingMethodAccessorImpl.invoke(Unknown Source)
	at java.lang.reflect.Method.invoke(Unknown Source)
	at org.testng.internal.MethodInvocationHelper.invokeMethod(MethodInvocationHelper.java:80)
	at org.testng.internal.Invoker.invokeMethod(Invoker.java:714)
	at org.testng.internal.Invoker.invokeTestMethod(Invoker.java:901)
	at org.testng.internal.Invoker.invokeTestMethods(Invoker.java:1231)
	at org.testng.internal.TestMethodWorker.invokeTestMethods(TestMethodWorker.java:127)
	at org.testng.internal.TestMethodWorker.run(TestMethodWorker.java:111)
	at org.testng.TestRunner.privateRun(TestRunner.java:767)
	at org.testng.TestRunner.run(TestRunner.java:617)
	at org.testng.SuiteRunner.runTest(SuiteRunner.java:334)
	at org.testng.SuiteRunner.runSequentially(SuiteRunner.java:329)
	at org.testng.SuiteRunner.privateRun(SuiteRunner.java:291)
	at org.testng.SuiteRunner.run(SuiteRunner.java:240)
	at org.testng.SuiteRunnerWorker.runSuite(SuiteRunnerWorker.java:52)
	at org.testng.SuiteRunnerWorker.run(SuiteRunnerWorker.java:86)
	at org.testng.TestNG.runSuitesSequentially(TestNG.java:1198)
	at org.testng.TestNG.runSuitesLocally(TestNG.java:1123)
	at org.testng.TestNG.run(TestNG.java:1031)
	at org.testng.remote.AbstractRemoteTestNG.run(AbstractRemoteTestNG.java:126)
	at org.testng.remote.RemoteTestNG.initAndRun(RemoteTestNG.java:75)
	at org.testng.remote.RemoteTestNG.main(RemoteTestNG.java:46)
]]>
            </full-stacktrace>
          </exception> <!-- java.lang.AssertionError -->
          <reporter-output>
          </reporter-output>
        </test-method> <!-- couponPageFullLoad -->
        <test-method status="PASS" signature="breakDown(org.testng.ITestResult)[pri:0, instance:com.test.regression.cub.testscripts.Coupons@64bfbc86]" name="breakDown" is-config="true" duration-ms="1141" started-at="2016-09-19T16:54:30Z" finished-at="2016-09-19T16:54:31Z">
          <params>
            <param index="0">
              <value>
                <![CDATA[[TestResult name=couponPageFullLoad status=FAILURE method=Coupons.couponPageFullLoad()[pri:0, instance:com.test.regression.cub.testscripts.Coupons@64bfbc86] output={null}]]]>
              </value>
            </param>
          </params>
          <reporter-output>
          </reporter-output>
        </test-method> <!-- breakDown -->
        <test-method status="PASS" signature="closeDriver(java.lang.reflect.Method)[pri:0, instance:com.test.regression.cub.testscripts.Coupons@64bfbc86]" name="closeDriver" is-config="true" duration-ms="8791" started-at="2016-09-19T16:54:31Z" finished-at="2016-09-19T16:54:40Z">
          <params>
            <param index="0">
              <value>
                <![CDATA[public void com.test.regression.cub.testscripts.Coupons.couponPageFullLoad()]]>
              </value>
            </param>
          </params>
          <reporter-output>
          </reporter-output>
        </test-method> <!-- closeDriver -->
      </class> <!-- com.test.regression.cub.testscripts.Coupons -->
    </test> <!-- Coupons - Testing -->
  </suite> <!-- Suite -->
</testng-results>
